name: scone:blender
digest: create

services:
   - name: blender
     image_name: sconecuratedimages/iexecsgx:blender_python
     mrenclaves: [$MRENCLAVE]
     tags: [demo]
     pwd: /
     command: blender -b -P /encryptedInputs/application.py
     fspf_path: /usr/fspf.pb
     fspf_key: $FSPF_KEY
     fspf_tag: $FSPF_TAG
     environment:
        SCONE_NO_MMAP_ACCESS: 1
        SCONE_ALLOW_DLOPEN: 1

images:
   - name: sconecuratedimages/iexecsgx:blender_python
     mrenclaves: [$MRENCLAVE]
     tags: [demo]
     volumes:
        - name: encrypted-input-files
          path: /encryptedInputs
        - name: encrypted-output-files
          path: /encryptedOutputs

exports:
  - namespace: service
    name: blender
    export: "*"
  - namespace: image
    name: sconecuratedimages/iexecsgx:blender_python
    export: "*"
name: $SESSION
digest: create

services:
   - name: blender
     import: scone:blender
     image_name: sconecuratedimages/iexecsgx:blender_python
     command: blender -b -P /encryptedInputs/application.py
     pwd: /

volumes:
   - name: encrypted-input-files
     fspf_tag: $INPUT_FSPF_TAG
     fspf_key: $INPUT_FSPF_KEY
   - name: encrypted-output-files
     fspf_tag: $OUTPUT_FSPF_TAG
     fspf_key: $OUTPUT_FSPF_KEY

images:
   - name: sconecuratedimages/iexecsgx:blender_python
     import: scone:blender
import bpy
from math import pi
from mathutils import Euler
tau = 2*pi

# Check if script is opened in Blender program
import os, sys
if(bpy.context.space_data == None):
    cwd = os.path.dirname(os.path.abspath(__file__))
else:
    cwd = os.path.dirname(bpy.context.space_data.text.filepath)
# Get folder of script and add current working directory to path
sys.path.append(cwd)
import utils


def createSphere(origin=(0, 0, 0)):
    # Create icosphere
    bpy.ops.mesh.primitive_ico_sphere_add(location=origin)
    obj = bpy.context.object
    return obj


if __name__ == '__main__':
    # Remove all elements
    utils.removeAll()

    # Create camera
    bpy.ops.object.add(type='CAMERA', location=(0, -3.5, 0))
    cam = bpy.context.object
    cam.rotation_euler = Euler((pi/2, 0, 0), 'XYZ')
    # Make this the current camera
    bpy.context.scene.camera = cam

    # Create lamps
    utils.rainbowLights()

    # Create object and its material
    sphere = createSphere()
    utils.setSmooth(sphere, 3)

    # Specify folder to save rendering
    render_folder = os.path.join(cwd, '../encryptedOutputs')
    if(not os.path.exists(render_folder)):
        os.mkdir(render_folder)

    # Render image
    rnd = bpy.data.scenes['Scene'].render
    rnd.resolution_x = 500
    rnd.resolution_y = 500
    rnd.resolution_percentage = 100
    rnd.filepath = os.path.join(render_folder, 'simple_sphere.png')
    bpy.ops.render.render(write_still=True)
