xport SCONE_QUEUES=4
export SCONE_SLOTS=256
export SCONE_SIGPIPE=0
export SCONE_MMAP32BIT=0
export SCONE_SSPINS=100
export SCONE_SSLEEP=4000
export SCONE_KERNEL=0
export SCONE_HEAP=67108864
export SCONE_STACK=81920
export SCONE_CONFIG=/etc/sgx-musl.conf
export SCONE_MODE=sim
export SCONE_SGXBOUNDS=no
export SCONE_VARYS=no
export SCONE_ALLOW_DLOPEN=no
export SCONE_MPROTECT=no
Branch: master
Configure options: --enable-shared --enable-debug --prefix=/mnt/ssd/franz/subtree-scone2/built/cross-compiler/x86_64-linux-musl

The square root of 0 is 0
The square root of 1 is 1
The square root of 2 is 1.41421
The square root of 3 is 1.73205
The square root of 4 is 2
The square root of 5 is 2.23607
The square root of 6 is 2.44949
The square root of 7 is 2.64575
The square root of 8 is 2.82843
The square root of 9 is 3
