export SCONE_QUEUES=4
export SCONE_SLOTS=256
export SCONE_SIGPIPE=0
export SCONE_MMAP32BIT=0
export SCONE_SSPINS=100
export SCONE_SSLEEP=4000
export SCONE_KERNEL=0
export SCONE_HEAP=67108864
export SCONE_STACK=81920
export SCONE_CONFIG=/etc/sgx-musl.conf
export SCONE_MODE=sim
export SCONE_SGXBOUNDS=no
export SCONE_VARYS=no
export SCONE_ALLOW_DLOPEN=no
export SCONE_MPROTECT=no
Branch: master
Configure options: --enable-shared --enable-debug --prefix=/mnt/ssd/franz/subtree-scone2/built/cross-compiler/x86_64-linux-musl

 A?
 B?
 The GCD of          10  and          15  is           5 .
