cd /src
cat > helloworld.c << EOF
#include <stdio.h>
int main() {
    printf("Hello World\n");
}
EOF
export SCONE_QUEUES=4
export SCONE_SLOTS=256
export SCONE_SIGPIPE=0
export SCONE_MMAP32BIT=0
export SCONE_SSPINS=100
export SCONE_SSLEEP=4000
export SCONE_KERNEL=0
export SCONE_HEAP=67108864
export SCONE_STACK=81920
export SCONE_CONFIG=/etc/sgx-musl.conf
export SCONE_MODE=sim
export SCONE_SGXBOUNDS=no
export SCONE_VARYS=no
export SCONE_ALLOW_DLOPEN=no
export SCONE_MPROTECT=no
Revision: 73cd5e415623f0947d635cad861d09bf364ce778 (Fri Jun 1 17:57:15 2018 +0200)
Branch: master
Configure options: --enable-shared --enable-debug --prefix=/mnt/ssd/franz/subtree-scone2/built/cross-compiler/x86_64-linux-musl

Enclave hash: 2805aa551a1019d86f33b6f14774a18792a5a3cc483d002782c9d851d851bf5a
Hello World
...
export SCONE_MODE=hw
...
Enclave hash: 2805aa551a1019d86f33b6f14774a18792a5a3cc483d002782c9d851d851bf5a
Hello World
