

Let's generate an image (**helloworld**) with this Dockerfile: 


Let's run the image as follows:


The output will look like this:

export SCONE_QUEUES=4
export SCONE_SLOTS=256
export SCONE_SIGPIPE=0
export SCONE_MMAP32BIT=0
export SCONE_SSPINS=100
export SCONE_SSLEEP=4000
export SCONE_KERNEL=0
export SCONE_HEAP=67108864
export SCONE_STACK=81920
export SCONE_CONFIG=/etc/sgx-musl.conf
export SCONE_MODE=hw
export SCONE_SGXBOUNDS=no
export SCONE_VARYS=no
export SCONE_ALLOW_DLOPEN=no
export SCONE_MPROTECT=no
Revision: 73cd5e415623f0947d635cad861d09bf364ce778 (Fri Jun 1 17:57:15 2018 +0200)
Branch: master
Configure options: --enable-shared --enable-debug --prefix=/mnt/ssd/franz/subtree-scone2/built/cross-compiler/x86_64-linux-musl

Enclave hash: 597cdef086651d46652cab78a89386b790ed058427ce1a5feacc3da7bc731902
Hello World!

!!!note
    In case you do not have a SGX driver installed, the run will fail. Run the program in [simulation mode](firstcontainer.md) by executing *docker run --rm helloworld*

&copy; [scontain.com](http://www.scontain.com), January 2019. [Questions or Suggestions?](mailto:info@scontain.com)